  Moc'ing preview.h...
  Moc'ing mainwindow.h...
  Moc'ing evernotewidget.h...
  Moc'ing editor.h...
  autolink.c
3rd\heodown\autolink.c(37): warning C4100: 'size' : unreferenced formal parameter
3rd\heodown\autolink.c(37): warning C4100: 'max_rewind' : unreferenced formal parameter
3rd\heodown\autolink.c(153): warning C4100: 'flags' : unreferenced formal parameter
3rd\heodown\autolink.c(189): warning C4100: 'flags' : unreferenced formal parameter
  buffer.c
  document.c
3rd\heodown\document.c : warning C4819: The file contains a character that cannot be represented in the current code page (936). Save the file in Unicode format to prevent data loss
3rd\heodown\document.c(247): warning C4100: 'list' : unreferenced formal parameter
3rd\heodown\document.c(817): warning C4100: 'size' : unreferenced formal parameter
3rd\heodown\document.c(832): warning C4100: 'offset' : unreferenced formal parameter
3rd\heodown\document.c(877): warning C4100: 'offset' : unreferenced formal parameter
3rd\heodown\document.c(962): warning C4100: 'offset' : unreferenced formal parameter
3rd\heodown\document.c(990): warning C4100: 'offset' : unreferenced formal parameter
3rd\heodown\document.c(1149): warning C4819: The file contains a character that cannot be represented in the current code page (936). Save the file in Unicode format to prevent data loss
3rd\heodown\document.c(1336): warning C4100: 'offset' : unreferenced formal parameter
3rd\heodown\document.c(2083): warning C4100: 'doc' : unreferenced formal parameter
3rd\heodown\document.c(2332): warning C4819: The file contains a character that cannot be represented in the current code page (936). Save the file in Unicode format to prevent data loss
  escape.c
  html.c
3rd\heodown\html.c(96): warning C4100: 'data' : unreferenced formal parameter
3rd\heodown\html.c(115): warning C4100: 'data' : unreferenced formal parameter
3rd\heodown\html.c(124): warning C4100: 'data' : unreferenced formal parameter
3rd\heodown\html.c(133): warning C4100: 'data' : unreferenced formal parameter
3rd\heodown\html.c(145): warning C4100: 'data' : unreferenced formal parameter
3rd\heodown\html.c(158): warning C4100: 'data' : unreferenced formal parameter
3rd\heodown\html.c(168): warning C4100: 'data' : unreferenced formal parameter
3rd\heodown\html.c(181): warning C4100: 'data' : unreferenced formal parameter
3rd\heodown\html.c(194): warning C4100: 'data' : unreferenced formal parameter
3rd\heodown\html.c(260): warning C4100: 'data' : unreferenced formal parameter
3rd\heodown\html.c(269): warning C4100: 'data' : unreferenced formal parameter
3rd\heodown\html.c(269): warning C4100: 'flags' : unreferenced formal parameter
3rd\heodown\html.c(326): warning C4100: 'data' : unreferenced formal parameter
3rd\heodown\html.c(353): warning C4100: 'data' : unreferenced formal parameter
3rd\heodown\html.c(411): warning C4100: 'data' : unreferenced formal parameter
3rd\heodown\html.c(420): warning C4100: 'data' : unreferenced formal parameter
3rd\heodown\html.c(429): warning C4100: 'data' : unreferenced formal parameter
3rd\heodown\html.c(438): warning C4100: 'data' : unreferenced formal parameter
3rd\heodown\html.c(446): warning C4100: 'data' : unreferenced formal parameter
3rd\heodown\html.c(482): warning C4100: 'data' : unreferenced formal parameter
3rd\heodown\html.c(492): warning C4100: 'data' : unreferenced formal parameter
3rd\heodown\html.c(514): warning C4100: 'data' : unreferenced formal parameter
3rd\heodown\html.c(544): warning C4100: 'data' : unreferenced formal parameter
3rd\heodown\html.c(551): warning C4100: 'data' : unreferenced formal parameter
3rd\heodown\html.c(595): warning C4100: 'data' : unreferenced formal parameter
3rd\heodown\html.c(595): warning C4100: 'title' : unreferenced formal parameter
3rd\heodown\html.c(595): warning C4100: 'link' : unreferenced formal parameter
  html_blocks.c
  html_smartypants.c
3rd\heodown\html_smartypants.c(166): warning C4100: 'previous_char' : unreferenced formal parameter
3rd\heodown\html_smartypants.c(166): warning C4100: 'smrt' : unreferenced formal parameter
3rd\heodown\html_smartypants.c(194): warning C4100: 'previous_char' : unreferenced formal parameter
3rd\heodown\html_smartypants.c(194): warning C4100: 'smrt' : unreferenced formal parameter
3rd\heodown\html_smartypants.c(234): warning C4100: 'previous_char' : unreferenced formal parameter
3rd\heodown\html_smartypants.c(234): warning C4100: 'smrt' : unreferenced formal parameter
3rd\heodown\html_smartypants.c(265): warning C4100: 'smrt' : unreferenced formal parameter
3rd\heodown\html_smartypants.c(307): warning C4100: 'previous_char' : unreferenced formal parameter
3rd\heodown\html_smartypants.c(307): warning C4100: 'smrt' : unreferenced formal parameter
3rd\heodown\html_smartypants.c(357): warning C4100: 'previous_char' : unreferenced formal parameter
3rd\heodown\html_smartypants.c(357): warning C4100: 'smrt' : unreferenced formal parameter
  stack.c
  version.c
  Generating Code...
  moc_editor.cpp
  moc_evernotewidget.cpp
  moc_mainwindow.cpp
d:\work\github\evermarkeditor\editor\preview.h(8): fatal error C1083: Cannot open include file: 'QWebView': No such file or directory
  moc_preview.cpp
d:\work\github\evermarkeditor\debug\../editor/preview.h(8): fatal error C1083: Cannot open include file: 'QWebView': No such file or directory
  config.cpp
  editor.cpp
  evernotewidget.cpp
  main.cpp
d:\work\github\evermarkeditor\editor\preview.h(8): fatal error C1083: Cannot open include file: 'QWebView': No such file or directory
  mainwindow.cpp
d:\work\github\evermarkeditor\editor\preview.h(8): fatal error C1083: Cannot open include file: 'QWebView': No such file or directory
  preview.cpp
d:\work\github\evermarkeditor\editor\preview.h(8): fatal error C1083: Cannot open include file: 'QWebView': No such file or directory
  Generating Code...
